Analysis & Elaboration report for ALU
Fri Jun 07 19:00:02 2024
Quartus Prime Version 18.0.0 Build 614 04/24/2018 SJ Lite Edition


---------------------
; Table of Contents ;
---------------------
  1. Legal Notice
  2. Analysis & Elaboration Summary
  3. Parallel Compilation
  4. Parameter Settings for User Entity Instance: ALU:ALU|n_bit_adder:ADDER
  5. Parameter Settings for User Entity Instance: ALU:ALU|n_bit_adder:SUBSTRACTOR
  6. Parameter Settings for User Entity Instance: ALU:ALU|multiplier:MULTIPLIER
  7. Analysis & Elaboration Settings
  8. Port Connectivity Checks: "ControlUnit:ControlUnit"
  9. Port Connectivity Checks: "ALUControl:ALUControl"
 10. Port Connectivity Checks: "ALU:ALU|multiplier:MULTIPLIER"
 11. Port Connectivity Checks: "ALU:ALU|n_bit_adder:SUBSTRACTOR"
 12. Port Connectivity Checks: "ALU:ALU"
 13. Analysis & Elaboration Messages
 14. Analysis & Elaboration Suppressed Messages



----------------
; Legal Notice ;
----------------
Copyright (C) 2018  Intel Corporation. All rights reserved.
Your use of Intel Corporation's design tools, logic functions 
and other software and tools, and its AMPP partner logic 
functions, and any output files from any of the foregoing 
(including device programming or simulation files), and any 
associated documentation or information are expressly subject 
to the terms and conditions of the Intel Program License 
Subscription Agreement, the Intel Quartus Prime License Agreement,
the Intel FPGA IP License Agreement, or other applicable license
agreement, including, without limitation, that your use is for
the sole purpose of programming logic devices manufactured by
Intel and sold by Intel or its authorized distributors.  Please
refer to the applicable agreement for further details.



+----------------------------------------------------------------------------------+
; Analysis & Elaboration Summary                                                   ;
+------------------------------------+---------------------------------------------+
; Analysis & Elaboration Status      ; Successful - Fri Jun 07 19:00:02 2024       ;
; Quartus Prime Version              ; 18.0.0 Build 614 04/24/2018 SJ Lite Edition ;
; Revision Name                      ; ALU                                         ;
; Top-level Entity Name              ; CPU                                         ;
; Family                             ; MAX 10                                      ;
; Total logic elements               ; N/A until Partition Merge                   ;
;     Total combinational functions  ; N/A until Partition Merge                   ;
;     Dedicated logic registers      ; N/A until Partition Merge                   ;
; Total registers                    ; N/A until Partition Merge                   ;
; Total pins                         ; N/A until Partition Merge                   ;
; Total virtual pins                 ; N/A until Partition Merge                   ;
; Total memory bits                  ; N/A until Partition Merge                   ;
; Embedded Multiplier 9-bit elements ; N/A until Partition Merge                   ;
; Total PLLs                         ; N/A until Partition Merge                   ;
; UFM blocks                         ; N/A until Partition Merge                   ;
; ADC blocks                         ; N/A until Partition Merge                   ;
+------------------------------------+---------------------------------------------+


+------------------------------------------+
; Parallel Compilation                     ;
+----------------------------+-------------+
; Processors                 ; Number      ;
+----------------------------+-------------+
; Number detected on machine ; 8           ;
; Maximum allowed            ; 4           ;
;                            ;             ;
; Average used               ; 1.00        ;
; Maximum used               ; 1           ;
;                            ;             ;
; Usage by Processor         ; % Time Used ;
;     Processor 1            ; 100.0%      ;
+----------------------------+-------------+


+------------------------------------------------------------------------+
; Parameter Settings for User Entity Instance: ALU:ALU|n_bit_adder:ADDER ;
+----------------+-------+-----------------------------------------------+
; Parameter Name ; Value ; Type                                          ;
+----------------+-------+-----------------------------------------------+
; N              ; 32    ; Signed Integer                                ;
+----------------+-------+-----------------------------------------------+
Note: In order to hide this table in the UI and the text report file, please set the "Show Parameter Settings in Synthesis Report" option in "Analysis and Synthesis Settings -> More Settings" to "Off".


+------------------------------------------------------------------------------+
; Parameter Settings for User Entity Instance: ALU:ALU|n_bit_adder:SUBSTRACTOR ;
+----------------+-------+-----------------------------------------------------+
; Parameter Name ; Value ; Type                                                ;
+----------------+-------+-----------------------------------------------------+
; N              ; 32    ; Signed Integer                                      ;
+----------------+-------+-----------------------------------------------------+
Note: In order to hide this table in the UI and the text report file, please set the "Show Parameter Settings in Synthesis Report" option in "Analysis and Synthesis Settings -> More Settings" to "Off".


+----------------------------------------------------------------------------+
; Parameter Settings for User Entity Instance: ALU:ALU|multiplier:MULTIPLIER ;
+----------------+-------+---------------------------------------------------+
; Parameter Name ; Value ; Type                                              ;
+----------------+-------+---------------------------------------------------+
; N              ; 16    ; Signed Integer                                    ;
+----------------+-------+---------------------------------------------------+
Note: In order to hide this table in the UI and the text report file, please set the "Show Parameter Settings in Synthesis Report" option in "Analysis and Synthesis Settings -> More Settings" to "Off".


+------------------------------------------------------------------------------------------------------------+
; Analysis & Elaboration Settings                                                                            ;
+------------------------------------------------------------------+--------------------+--------------------+
; Option                                                           ; Setting            ; Default Value      ;
+------------------------------------------------------------------+--------------------+--------------------+
; Device                                                           ; 10M50DAF484C7G     ;                    ;
; Top-level entity name                                            ; CPU                ; ALU                ;
; Family name                                                      ; MAX 10             ; Cyclone V          ;
; Use smart compilation                                            ; Off                ; Off                ;
; Enable parallel Assembler and Timing Analyzer during compilation ; On                 ; On                 ;
; Enable compact report table                                      ; Off                ; Off                ;
; Restructure Multiplexers                                         ; Auto               ; Auto               ;
; Create Debugging Nodes for IP Cores                              ; Off                ; Off                ;
; Preserve fewer node names                                        ; On                 ; On                 ;
; Intel FPGA IP Evaluation Mode                                    ; Enable             ; Enable             ;
; Verilog Version                                                  ; Verilog_2001       ; Verilog_2001       ;
; VHDL Version                                                     ; VHDL_1993          ; VHDL_1993          ;
; State Machine Processing                                         ; Auto               ; Auto               ;
; Safe State Machine                                               ; Off                ; Off                ;
; Extract Verilog State Machines                                   ; On                 ; On                 ;
; Extract VHDL State Machines                                      ; On                 ; On                 ;
; Ignore Verilog initial constructs                                ; Off                ; Off                ;
; Iteration limit for constant Verilog loops                       ; 5000               ; 5000               ;
; Iteration limit for non-constant Verilog loops                   ; 250                ; 250                ;
; Add Pass-Through Logic to Inferred RAMs                          ; On                 ; On                 ;
; Infer RAMs from Raw Logic                                        ; On                 ; On                 ;
; Parallel Synthesis                                               ; On                 ; On                 ;
; DSP Block Balancing                                              ; Auto               ; Auto               ;
; NOT Gate Push-Back                                               ; On                 ; On                 ;
; Power-Up Don't Care                                              ; On                 ; On                 ;
; Remove Redundant Logic Cells                                     ; Off                ; Off                ;
; Remove Duplicate Registers                                       ; On                 ; On                 ;
; Ignore CARRY Buffers                                             ; Off                ; Off                ;
; Ignore CASCADE Buffers                                           ; Off                ; Off                ;
; Ignore GLOBAL Buffers                                            ; Off                ; Off                ;
; Ignore ROW GLOBAL Buffers                                        ; Off                ; Off                ;
; Ignore LCELL Buffers                                             ; Off                ; Off                ;
; Ignore SOFT Buffers                                              ; On                 ; On                 ;
; Limit AHDL Integers to 32 Bits                                   ; Off                ; Off                ;
; Optimization Technique                                           ; Balanced           ; Balanced           ;
; Carry Chain Length                                               ; 70                 ; 70                 ;
; Auto Carry Chains                                                ; On                 ; On                 ;
; Auto Open-Drain Pins                                             ; On                 ; On                 ;
; Perform WYSIWYG Primitive Resynthesis                            ; Off                ; Off                ;
; Auto ROM Replacement                                             ; On                 ; On                 ;
; Auto RAM Replacement                                             ; On                 ; On                 ;
; Auto DSP Block Replacement                                       ; On                 ; On                 ;
; Auto Shift Register Replacement                                  ; Auto               ; Auto               ;
; Allow Shift Register Merging across Hierarchies                  ; Auto               ; Auto               ;
; Auto Clock Enable Replacement                                    ; On                 ; On                 ;
; Strict RAM Replacement                                           ; Off                ; Off                ;
; Allow Synchronous Control Signals                                ; On                 ; On                 ;
; Force Use of Synchronous Clear Signals                           ; Off                ; Off                ;
; Auto RAM Block Balancing                                         ; On                 ; On                 ;
; Auto RAM to Logic Cell Conversion                                ; Off                ; Off                ;
; Auto Resource Sharing                                            ; Off                ; Off                ;
; Allow Any RAM Size For Recognition                               ; Off                ; Off                ;
; Allow Any ROM Size For Recognition                               ; Off                ; Off                ;
; Allow Any Shift Register Size For Recognition                    ; Off                ; Off                ;
; Use LogicLock Constraints during Resource Balancing              ; On                 ; On                 ;
; Ignore translate_off and synthesis_off directives                ; Off                ; Off                ;
; Timing-Driven Synthesis                                          ; On                 ; On                 ;
; Report Parameter Settings                                        ; On                 ; On                 ;
; Report Source Assignments                                        ; On                 ; On                 ;
; Report Connectivity Checks                                       ; On                 ; On                 ;
; Ignore Maximum Fan-Out Assignments                               ; Off                ; Off                ;
; Synchronization Register Chain Length                            ; 2                  ; 2                  ;
; Power Optimization During Synthesis                              ; Normal compilation ; Normal compilation ;
; HDL message level                                                ; Level2             ; Level2             ;
; Suppress Register Optimization Related Messages                  ; Off                ; Off                ;
; Number of Removed Registers Reported in Synthesis Report         ; 5000               ; 5000               ;
; Number of Swept Nodes Reported in Synthesis Report               ; 5000               ; 5000               ;
; Number of Inverted Registers Reported in Synthesis Report        ; 100                ; 100                ;
; Clock MUX Protection                                             ; On                 ; On                 ;
; Auto Gated Clock Conversion                                      ; Off                ; Off                ;
; Block Design Naming                                              ; Auto               ; Auto               ;
; SDC constraint protection                                        ; Off                ; Off                ;
; Synthesis Effort                                                 ; Auto               ; Auto               ;
; Shift Register Replacement - Allow Asynchronous Clear Signal     ; On                 ; On                 ;
; Pre-Mapping Resynthesis Optimization                             ; Off                ; Off                ;
; Analysis & Synthesis Message Level                               ; Medium             ; Medium             ;
; Disable Register Merging Across Hierarchies                      ; Auto               ; Auto               ;
; Resource Aware Inference For Block RAM                           ; On                 ; On                 ;
+------------------------------------------------------------------+--------------------+--------------------+


+-----------------------------------------------------+
; Port Connectivity Checks: "ControlUnit:ControlUnit" ;
+--------+--------+----------+------------------------+
; Port   ; Type   ; Severity ; Details                ;
+--------+--------+----------+------------------------+
; branch ; Output ; Info     ; Explicitly unconnected ;
+--------+--------+----------+------------------------+


+-----------------------------------------------------------------------------------------------------------------------------------------------------------------------------------------------------------+
; Port Connectivity Checks: "ALUControl:ALUControl"                                                                                                                                                         ;
+-------------+--------+----------+-------------------------------------------------------------------------------------------------------------------------------------------------------------------------+
; Port        ; Type   ; Severity ; Details                                                                                                                                                                 ;
+-------------+--------+----------+-------------------------------------------------------------------------------------------------------------------------------------------------------------------------+
; alu_control ; Output ; Warning  ; Output or bidir port (4 bits) is smaller than the port expression (32 bits) it drives.  The 28 most-significant bit(s) in the port expression will be connected to GND. ;
+-------------+--------+----------+-------------------------------------------------------------------------------------------------------------------------------------------------------------------------+


+---------------------------------------------------------------------------------------------------------------------------------------------------------------------------------------------------------------+
; Port Connectivity Checks: "ALU:ALU|multiplier:MULTIPLIER"                                                                                                                                                     ;
+------+-------+----------+-------------------------------------------------------------------------------------------------------------------------------------------------------------------------------------+
; Port ; Type  ; Severity ; Details                                                                                                                                                                             ;
+------+-------+----------+-------------------------------------------------------------------------------------------------------------------------------------------------------------------------------------+
; a    ; Input ; Warning  ; Input port expression (32 bits) is wider than the input port (16 bits) it drives.  The 16 most-significant bit(s) in the expression will be dangling if they have no other fanouts. ;
; b    ; Input ; Warning  ; Input port expression (32 bits) is wider than the input port (16 bits) it drives.  The 16 most-significant bit(s) in the expression will be dangling if they have no other fanouts. ;
+------+-------+----------+-------------------------------------------------------------------------------------------------------------------------------------------------------------------------------------+


+---------------------------------------------------------------------------------------------------------------------+
; Port Connectivity Checks: "ALU:ALU|n_bit_adder:SUBSTRACTOR"                                                         ;
+-----------+--------+----------+-------------------------------------------------------------------------------------+
; Port      ; Type   ; Severity ; Details                                                                             ;
+-----------+--------+----------+-------------------------------------------------------------------------------------+
; carry_out ; Output ; Info     ; Connected to dangling logic. Logic that only feeds a dangling port will be removed. ;
+-----------+--------+----------+-------------------------------------------------------------------------------------+


+-------------------------------------------------------------------------------------------------------------------------------------------------------------------------------------------------------------------+
; Port Connectivity Checks: "ALU:ALU"                                                                                                                                                                               ;
+----------+--------+----------+------------------------------------------------------------------------------------------------------------------------------------------------------------------------------------+
; Port     ; Type   ; Severity ; Details                                                                                                                                                                            ;
+----------+--------+----------+------------------------------------------------------------------------------------------------------------------------------------------------------------------------------------+
; opcode   ; Input  ; Warning  ; Input port expression (32 bits) is wider than the input port (4 bits) it drives.  The 28 most-significant bit(s) in the expression will be dangling if they have no other fanouts. ;
; negative ; Output ; Info     ; Connected to dangling logic. Logic that only feeds a dangling port will be removed.                                                                                                ;
; zero     ; Output ; Info     ; Connected to dangling logic. Logic that only feeds a dangling port will be removed.                                                                                                ;
; carry    ; Output ; Info     ; Connected to dangling logic. Logic that only feeds a dangling port will be removed.                                                                                                ;
; overflow ; Output ; Info     ; Connected to dangling logic. Logic that only feeds a dangling port will be removed.                                                                                                ;
+----------+--------+----------+------------------------------------------------------------------------------------------------------------------------------------------------------------------------------------+


+---------------------------------+
; Analysis & Elaboration Messages ;
+---------------------------------+
Info: *******************************************************************
Info: Running Quartus Prime Analysis & Elaboration
    Info: Version 18.0.0 Build 614 04/24/2018 SJ Lite Edition
    Info: Processing started: Fri Jun 07 18:59:53 2024
Info: Command: quartus_map --read_settings_files=on --write_settings_files=off ALU -c ALU --analysis_and_elaboration
Warning (18236): Number of processors has not been specified which may cause overloading on shared machines.  Set the global assignment NUM_PARALLEL_PROCESSORS in your QSF to an appropriate value for best performance.
Info (20030): Parallel compilation is enabled and will use 4 of the 4 processors detected
Info (12021): Found 1 design units, including 1 entities, in source file reg_file.v
    Info (12023): Found entity 1: RegisterFile File: D:/IntelQuartus/ALU/reg_file.v Line: 2
Info (12021): Found 2 design units, including 2 entities, in source file pc.v
    Info (12023): Found entity 1: PC File: D:/IntelQuartus/ALU/PC.v Line: 2
    Info (12023): Found entity 2: NextPC File: D:/IntelQuartus/ALU/PC.v Line: 17
Info (12021): Found 3 design units, including 3 entities, in source file n_bit_adder.v
    Info (12023): Found entity 1: n_bit_adder File: D:/IntelQuartus/ALU/n_bit_adder.v Line: 2
    Info (12023): Found entity 2: half_adder File: D:/IntelQuartus/ALU/n_bit_adder.v Line: 24
    Info (12023): Found entity 3: full_adder File: D:/IntelQuartus/ALU/n_bit_adder.v Line: 32
Warning (12090): Entity "MUX" obtained from "MUX.v" instead of from Quartus Prime megafunction library File: D:/IntelQuartus/ALU/MUX.v Line: 2
Info (12021): Found 1 design units, including 1 entities, in source file mux.v
    Info (12023): Found entity 1: MUX File: D:/IntelQuartus/ALU/MUX.v Line: 2
Info (12021): Found 1 design units, including 1 entities, in source file multiplier.v
    Info (12023): Found entity 1: multiplier File: D:/IntelQuartus/ALU/multiplier.v Line: 2
Info (12021): Found 1 design units, including 1 entities, in source file instruction_memory.v
    Info (12023): Found entity 1: InstructionMemory File: D:/IntelQuartus/ALU/instruction_memory.v Line: 2
Warning (12019): Can't analyze file -- file immediate_generator.v is missing
Info (12021): Found 1 design units, including 1 entities, in source file data_memory.v
    Info (12023): Found entity 1: DataMemory File: D:/IntelQuartus/ALU/data_memory.v Line: 2
Info (12021): Found 1 design units, including 1 entities, in source file cpu.v
    Info (12023): Found entity 1: CPU File: D:/IntelQuartus/ALU/CPU.v Line: 2
Info (12021): Found 1 design units, including 1 entities, in source file control_unit.v
    Info (12023): Found entity 1: ControlUnit File: D:/IntelQuartus/ALU/control_unit.v Line: 2
Warning (12019): Can't analyze file -- file AND.v is missing
Info (12021): Found 1 design units, including 1 entities, in source file alu_control.v
    Info (12023): Found entity 1: ALUControl File: D:/IntelQuartus/ALU/ALU_control.v Line: 2
Info (12021): Found 1 design units, including 1 entities, in source file alu.v
    Info (12023): Found entity 1: ALU File: D:/IntelQuartus/ALU/ALU.v Line: 2
Warning (10236): Verilog HDL Implicit Net warning at ALU.v(30): created implicit net for "sub_cary" File: D:/IntelQuartus/ALU/ALU.v Line: 30
Info (12127): Elaborating entity "CPU" for the top level hierarchy
Warning (10230): Verilog HDL assignment warning at CPU.v(71): truncated value with size 32 to match size of target (5) File: D:/IntelQuartus/ALU/CPU.v Line: 71
Info (12128): Elaborating entity "NextPC" for hierarchy "NextPC:NextPC" File: D:/IntelQuartus/ALU/CPU.v Line: 20
Info (12128): Elaborating entity "PC" for hierarchy "PC:PC" File: D:/IntelQuartus/ALU/CPU.v Line: 28
Info (12128): Elaborating entity "InstructionMemory" for hierarchy "InstructionMemory:InstructionMemory" File: D:/IntelQuartus/ALU/CPU.v Line: 36
Info (12128): Elaborating entity "RegisterFile" for hierarchy "RegisterFile:RegisterFile" File: D:/IntelQuartus/ALU/CPU.v Line: 49
Warning (10240): Verilog HDL Always Construct warning at reg_file.v(13): inferring latch(es) for variable "i", which holds its previous value in one or more paths through the always construct File: D:/IntelQuartus/ALU/reg_file.v Line: 13
Info (12128): Elaborating entity "ALU" for hierarchy "ALU:ALU" File: D:/IntelQuartus/ALU/CPU.v Line: 61
Warning (10858): Verilog HDL warning at ALU.v(17): object sub_carry used but never assigned File: D:/IntelQuartus/ALU/ALU.v Line: 17
Warning (10235): Verilog HDL Always Construct warning at ALU.v(51): variable "add_result" is read inside the Always Construct but isn't in the Always Construct's Event Control File: D:/IntelQuartus/ALU/ALU.v Line: 51
Warning (10235): Verilog HDL Always Construct warning at ALU.v(52): variable "add_carry" is read inside the Always Construct but isn't in the Always Construct's Event Control File: D:/IntelQuartus/ALU/ALU.v Line: 52
Warning (10235): Verilog HDL Always Construct warning at ALU.v(53): variable "add_result" is read inside the Always Construct but isn't in the Always Construct's Event Control File: D:/IntelQuartus/ALU/ALU.v Line: 53
Warning (10235): Verilog HDL Always Construct warning at ALU.v(58): variable "add_result" is read inside the Always Construct but isn't in the Always Construct's Event Control File: D:/IntelQuartus/ALU/ALU.v Line: 58
Warning (10235): Verilog HDL Always Construct warning at ALU.v(59): variable "add_result" is read inside the Always Construct but isn't in the Always Construct's Event Control File: D:/IntelQuartus/ALU/ALU.v Line: 59
Warning (10235): Verilog HDL Always Construct warning at ALU.v(64): variable "sub_result" is read inside the Always Construct but isn't in the Always Construct's Event Control File: D:/IntelQuartus/ALU/ALU.v Line: 64
Warning (10235): Verilog HDL Always Construct warning at ALU.v(65): variable "sub_carry" is read inside the Always Construct but isn't in the Always Construct's Event Control File: D:/IntelQuartus/ALU/ALU.v Line: 65
Warning (10235): Verilog HDL Always Construct warning at ALU.v(66): variable "sub_result" is read inside the Always Construct but isn't in the Always Construct's Event Control File: D:/IntelQuartus/ALU/ALU.v Line: 66
Warning (10235): Verilog HDL Always Construct warning at ALU.v(71): variable "sub_result" is read inside the Always Construct but isn't in the Always Construct's Event Control File: D:/IntelQuartus/ALU/ALU.v Line: 71
Warning (10235): Verilog HDL Always Construct warning at ALU.v(72): variable "sub_result" is read inside the Always Construct but isn't in the Always Construct's Event Control File: D:/IntelQuartus/ALU/ALU.v Line: 72
Warning (10235): Verilog HDL Always Construct warning at ALU.v(77): variable "sub_result" is read inside the Always Construct but isn't in the Always Construct's Event Control File: D:/IntelQuartus/ALU/ALU.v Line: 77
Warning (10235): Verilog HDL Always Construct warning at ALU.v(78): variable "sub_result" is read inside the Always Construct but isn't in the Always Construct's Event Control File: D:/IntelQuartus/ALU/ALU.v Line: 78
Warning (10235): Verilog HDL Always Construct warning at ALU.v(82): variable "mul_result" is read inside the Always Construct but isn't in the Always Construct's Event Control File: D:/IntelQuartus/ALU/ALU.v Line: 82
Warning (10270): Verilog HDL Case Statement warning at ALU.v(48): incomplete case statement has no default case item File: D:/IntelQuartus/ALU/ALU.v Line: 48
Warning (10240): Verilog HDL Always Construct warning at ALU.v(47): inferring latch(es) for variable "zero", which holds its previous value in one or more paths through the always construct File: D:/IntelQuartus/ALU/ALU.v Line: 47
Warning (10240): Verilog HDL Always Construct warning at ALU.v(47): inferring latch(es) for variable "negative", which holds its previous value in one or more paths through the always construct File: D:/IntelQuartus/ALU/ALU.v Line: 47
Warning (10240): Verilog HDL Always Construct warning at ALU.v(47): inferring latch(es) for variable "result", which holds its previous value in one or more paths through the always construct File: D:/IntelQuartus/ALU/ALU.v Line: 47
Warning (10240): Verilog HDL Always Construct warning at ALU.v(47): inferring latch(es) for variable "carry", which holds its previous value in one or more paths through the always construct File: D:/IntelQuartus/ALU/ALU.v Line: 47
Warning (10030): Net "sub_carry" at ALU.v(17) has no driver or initial value, using a default initial value '0' File: D:/IntelQuartus/ALU/ALU.v Line: 17
Info (10041): Inferred latch for "carry" at ALU.v(47) File: D:/IntelQuartus/ALU/ALU.v Line: 47
Info (10041): Inferred latch for "result[0]" at ALU.v(47) File: D:/IntelQuartus/ALU/ALU.v Line: 47
Info (10041): Inferred latch for "result[1]" at ALU.v(47) File: D:/IntelQuartus/ALU/ALU.v Line: 47
Info (10041): Inferred latch for "result[2]" at ALU.v(47) File: D:/IntelQuartus/ALU/ALU.v Line: 47
Info (10041): Inferred latch for "result[3]" at ALU.v(47) File: D:/IntelQuartus/ALU/ALU.v Line: 47
Info (10041): Inferred latch for "result[4]" at ALU.v(47) File: D:/IntelQuartus/ALU/ALU.v Line: 47
Info (10041): Inferred latch for "result[5]" at ALU.v(47) File: D:/IntelQuartus/ALU/ALU.v Line: 47
Info (10041): Inferred latch for "result[6]" at ALU.v(47) File: D:/IntelQuartus/ALU/ALU.v Line: 47
Info (10041): Inferred latch for "result[7]" at ALU.v(47) File: D:/IntelQuartus/ALU/ALU.v Line: 47
Info (10041): Inferred latch for "result[8]" at ALU.v(47) File: D:/IntelQuartus/ALU/ALU.v Line: 47
Info (10041): Inferred latch for "result[9]" at ALU.v(47) File: D:/IntelQuartus/ALU/ALU.v Line: 47
Info (10041): Inferred latch for "result[10]" at ALU.v(47) File: D:/IntelQuartus/ALU/ALU.v Line: 47
Info (10041): Inferred latch for "result[11]" at ALU.v(47) File: D:/IntelQuartus/ALU/ALU.v Line: 47
Info (10041): Inferred latch for "result[12]" at ALU.v(47) File: D:/IntelQuartus/ALU/ALU.v Line: 47
Info (10041): Inferred latch for "result[13]" at ALU.v(47) File: D:/IntelQuartus/ALU/ALU.v Line: 47
Info (10041): Inferred latch for "result[14]" at ALU.v(47) File: D:/IntelQuartus/ALU/ALU.v Line: 47
Info (10041): Inferred latch for "result[15]" at ALU.v(47) File: D:/IntelQuartus/ALU/ALU.v Line: 47
Info (10041): Inferred latch for "result[16]" at ALU.v(47) File: D:/IntelQuartus/ALU/ALU.v Line: 47
Info (10041): Inferred latch for "result[17]" at ALU.v(47) File: D:/IntelQuartus/ALU/ALU.v Line: 47
Info (10041): Inferred latch for "result[18]" at ALU.v(47) File: D:/IntelQuartus/ALU/ALU.v Line: 47
Info (10041): Inferred latch for "result[19]" at ALU.v(47) File: D:/IntelQuartus/ALU/ALU.v Line: 47
Info (10041): Inferred latch for "result[20]" at ALU.v(47) File: D:/IntelQuartus/ALU/ALU.v Line: 47
Info (10041): Inferred latch for "result[21]" at ALU.v(47) File: D:/IntelQuartus/ALU/ALU.v Line: 47
Info (10041): Inferred latch for "result[22]" at ALU.v(47) File: D:/IntelQuartus/ALU/ALU.v Line: 47
Info (10041): Inferred latch for "result[23]" at ALU.v(47) File: D:/IntelQuartus/ALU/ALU.v Line: 47
Info (10041): Inferred latch for "result[24]" at ALU.v(47) File: D:/IntelQuartus/ALU/ALU.v Line: 47
Info (10041): Inferred latch for "result[25]" at ALU.v(47) File: D:/IntelQuartus/ALU/ALU.v Line: 47
Info (10041): Inferred latch for "result[26]" at ALU.v(47) File: D:/IntelQuartus/ALU/ALU.v Line: 47
Info (10041): Inferred latch for "result[27]" at ALU.v(47) File: D:/IntelQuartus/ALU/ALU.v Line: 47
Info (10041): Inferred latch for "result[28]" at ALU.v(47) File: D:/IntelQuartus/ALU/ALU.v Line: 47
Info (10041): Inferred latch for "result[29]" at ALU.v(47) File: D:/IntelQuartus/ALU/ALU.v Line: 47
Info (10041): Inferred latch for "result[30]" at ALU.v(47) File: D:/IntelQuartus/ALU/ALU.v Line: 47
Info (10041): Inferred latch for "result[31]" at ALU.v(47) File: D:/IntelQuartus/ALU/ALU.v Line: 47
Info (10041): Inferred latch for "negative" at ALU.v(47) File: D:/IntelQuartus/ALU/ALU.v Line: 47
Info (10041): Inferred latch for "zero" at ALU.v(47) File: D:/IntelQuartus/ALU/ALU.v Line: 47
Info (12128): Elaborating entity "n_bit_adder" for hierarchy "ALU:ALU|n_bit_adder:ADDER" File: D:/IntelQuartus/ALU/ALU.v Line: 24
Info (12128): Elaborating entity "half_adder" for hierarchy "ALU:ALU|n_bit_adder:ADDER|half_adder:adder[0].ha" File: D:/IntelQuartus/ALU/n_bit_adder.v Line: 14
Info (12128): Elaborating entity "full_adder" for hierarchy "ALU:ALU|n_bit_adder:ADDER|full_adder:adder[1].fa" File: D:/IntelQuartus/ALU/n_bit_adder.v Line: 16
Info (12128): Elaborating entity "multiplier" for hierarchy "ALU:ALU|multiplier:MULTIPLIER" File: D:/IntelQuartus/ALU/ALU.v Line: 37
Info (12128): Elaborating entity "ALUControl" for hierarchy "ALUControl:ALUControl" File: D:/IntelQuartus/ALU/CPU.v Line: 69
Info (12128): Elaborating entity "DataMemory" for hierarchy "DataMemory:DataMemory" File: D:/IntelQuartus/ALU/CPU.v Line: 85
Warning (10240): Verilog HDL Always Construct warning at data_memory.v(13): inferring latch(es) for variable "i", which holds its previous value in one or more paths through the always construct File: D:/IntelQuartus/ALU/data_memory.v Line: 13
Info (12128): Elaborating entity "MUX" for hierarchy "MUX:MUX2" File: D:/IntelQuartus/ALU/CPU.v Line: 93
Info (12128): Elaborating entity "ControlUnit" for hierarchy "ControlUnit:ControlUnit" File: D:/IntelQuartus/ALU/CPU.v Line: 105
Warning (12011): Net is missing source, defaulting to GND
    Warning (12110): Net "w_alu_control[31]" is missing source, defaulting to GND File: D:/IntelQuartus/ALU/CPU.v Line: 8
    Warning (12110): Net "w_alu_control[30]" is missing source, defaulting to GND File: D:/IntelQuartus/ALU/CPU.v Line: 8
    Warning (12110): Net "w_alu_control[29]" is missing source, defaulting to GND File: D:/IntelQuartus/ALU/CPU.v Line: 8
    Warning (12110): Net "w_alu_control[28]" is missing source, defaulting to GND File: D:/IntelQuartus/ALU/CPU.v Line: 8
    Warning (12110): Net "w_alu_control[27]" is missing source, defaulting to GND File: D:/IntelQuartus/ALU/CPU.v Line: 8
    Warning (12110): Net "w_alu_control[26]" is missing source, defaulting to GND File: D:/IntelQuartus/ALU/CPU.v Line: 8
    Warning (12110): Net "w_alu_control[25]" is missing source, defaulting to GND File: D:/IntelQuartus/ALU/CPU.v Line: 8
    Warning (12110): Net "w_alu_control[24]" is missing source, defaulting to GND File: D:/IntelQuartus/ALU/CPU.v Line: 8
    Warning (12110): Net "w_alu_control[23]" is missing source, defaulting to GND File: D:/IntelQuartus/ALU/CPU.v Line: 8
    Warning (12110): Net "w_alu_control[22]" is missing source, defaulting to GND File: D:/IntelQuartus/ALU/CPU.v Line: 8
    Warning (12110): Net "w_alu_control[21]" is missing source, defaulting to GND File: D:/IntelQuartus/ALU/CPU.v Line: 8
    Warning (12110): Net "w_alu_control[20]" is missing source, defaulting to GND File: D:/IntelQuartus/ALU/CPU.v Line: 8
    Warning (12110): Net "w_alu_control[19]" is missing source, defaulting to GND File: D:/IntelQuartus/ALU/CPU.v Line: 8
    Warning (12110): Net "w_alu_control[18]" is missing source, defaulting to GND File: D:/IntelQuartus/ALU/CPU.v Line: 8
    Warning (12110): Net "w_alu_control[17]" is missing source, defaulting to GND File: D:/IntelQuartus/ALU/CPU.v Line: 8
    Warning (12110): Net "w_alu_control[16]" is missing source, defaulting to GND File: D:/IntelQuartus/ALU/CPU.v Line: 8
    Warning (12110): Net "w_alu_control[15]" is missing source, defaulting to GND File: D:/IntelQuartus/ALU/CPU.v Line: 8
    Warning (12110): Net "w_alu_control[14]" is missing source, defaulting to GND File: D:/IntelQuartus/ALU/CPU.v Line: 8
    Warning (12110): Net "w_alu_control[13]" is missing source, defaulting to GND File: D:/IntelQuartus/ALU/CPU.v Line: 8
    Warning (12110): Net "w_alu_control[12]" is missing source, defaulting to GND File: D:/IntelQuartus/ALU/CPU.v Line: 8
    Warning (12110): Net "w_alu_control[11]" is missing source, defaulting to GND File: D:/IntelQuartus/ALU/CPU.v Line: 8
    Warning (12110): Net "w_alu_control[10]" is missing source, defaulting to GND File: D:/IntelQuartus/ALU/CPU.v Line: 8
    Warning (12110): Net "w_alu_control[9]" is missing source, defaulting to GND File: D:/IntelQuartus/ALU/CPU.v Line: 8
    Warning (12110): Net "w_alu_control[8]" is missing source, defaulting to GND File: D:/IntelQuartus/ALU/CPU.v Line: 8
    Warning (12110): Net "w_alu_control[7]" is missing source, defaulting to GND File: D:/IntelQuartus/ALU/CPU.v Line: 8
    Warning (12110): Net "w_alu_control[6]" is missing source, defaulting to GND File: D:/IntelQuartus/ALU/CPU.v Line: 8
    Warning (12110): Net "w_alu_control[5]" is missing source, defaulting to GND File: D:/IntelQuartus/ALU/CPU.v Line: 8
    Warning (12110): Net "w_alu_control[4]" is missing source, defaulting to GND File: D:/IntelQuartus/ALU/CPU.v Line: 8
Warning (12011): Net is missing source, defaulting to GND
    Warning (12110): Net "w_alu_control[31]" is missing source, defaulting to GND File: D:/IntelQuartus/ALU/CPU.v Line: 8
    Warning (12110): Net "w_alu_control[30]" is missing source, defaulting to GND File: D:/IntelQuartus/ALU/CPU.v Line: 8
    Warning (12110): Net "w_alu_control[29]" is missing source, defaulting to GND File: D:/IntelQuartus/ALU/CPU.v Line: 8
    Warning (12110): Net "w_alu_control[28]" is missing source, defaulting to GND File: D:/IntelQuartus/ALU/CPU.v Line: 8
    Warning (12110): Net "w_alu_control[27]" is missing source, defaulting to GND File: D:/IntelQuartus/ALU/CPU.v Line: 8
    Warning (12110): Net "w_alu_control[26]" is missing source, defaulting to GND File: D:/IntelQuartus/ALU/CPU.v Line: 8
    Warning (12110): Net "w_alu_control[25]" is missing source, defaulting to GND File: D:/IntelQuartus/ALU/CPU.v Line: 8
    Warning (12110): Net "w_alu_control[24]" is missing source, defaulting to GND File: D:/IntelQuartus/ALU/CPU.v Line: 8
    Warning (12110): Net "w_alu_control[23]" is missing source, defaulting to GND File: D:/IntelQuartus/ALU/CPU.v Line: 8
    Warning (12110): Net "w_alu_control[22]" is missing source, defaulting to GND File: D:/IntelQuartus/ALU/CPU.v Line: 8
    Warning (12110): Net "w_alu_control[21]" is missing source, defaulting to GND File: D:/IntelQuartus/ALU/CPU.v Line: 8
    Warning (12110): Net "w_alu_control[20]" is missing source, defaulting to GND File: D:/IntelQuartus/ALU/CPU.v Line: 8
    Warning (12110): Net "w_alu_control[19]" is missing source, defaulting to GND File: D:/IntelQuartus/ALU/CPU.v Line: 8
    Warning (12110): Net "w_alu_control[18]" is missing source, defaulting to GND File: D:/IntelQuartus/ALU/CPU.v Line: 8
    Warning (12110): Net "w_alu_control[17]" is missing source, defaulting to GND File: D:/IntelQuartus/ALU/CPU.v Line: 8
    Warning (12110): Net "w_alu_control[16]" is missing source, defaulting to GND File: D:/IntelQuartus/ALU/CPU.v Line: 8
    Warning (12110): Net "w_alu_control[15]" is missing source, defaulting to GND File: D:/IntelQuartus/ALU/CPU.v Line: 8
    Warning (12110): Net "w_alu_control[14]" is missing source, defaulting to GND File: D:/IntelQuartus/ALU/CPU.v Line: 8
    Warning (12110): Net "w_alu_control[13]" is missing source, defaulting to GND File: D:/IntelQuartus/ALU/CPU.v Line: 8
    Warning (12110): Net "w_alu_control[12]" is missing source, defaulting to GND File: D:/IntelQuartus/ALU/CPU.v Line: 8
    Warning (12110): Net "w_alu_control[11]" is missing source, defaulting to GND File: D:/IntelQuartus/ALU/CPU.v Line: 8
    Warning (12110): Net "w_alu_control[10]" is missing source, defaulting to GND File: D:/IntelQuartus/ALU/CPU.v Line: 8
    Warning (12110): Net "w_alu_control[9]" is missing source, defaulting to GND File: D:/IntelQuartus/ALU/CPU.v Line: 8
    Warning (12110): Net "w_alu_control[8]" is missing source, defaulting to GND File: D:/IntelQuartus/ALU/CPU.v Line: 8
    Warning (12110): Net "w_alu_control[7]" is missing source, defaulting to GND File: D:/IntelQuartus/ALU/CPU.v Line: 8
    Warning (12110): Net "w_alu_control[6]" is missing source, defaulting to GND File: D:/IntelQuartus/ALU/CPU.v Line: 8
    Warning (12110): Net "w_alu_control[5]" is missing source, defaulting to GND File: D:/IntelQuartus/ALU/CPU.v Line: 8
    Warning (12110): Net "w_alu_control[4]" is missing source, defaulting to GND File: D:/IntelQuartus/ALU/CPU.v Line: 8
Warning (12011): Net is missing source, defaulting to GND
    Warning (12110): Net "w_alu_control[31]" is missing source, defaulting to GND File: D:/IntelQuartus/ALU/CPU.v Line: 8
    Warning (12110): Net "w_alu_control[30]" is missing source, defaulting to GND File: D:/IntelQuartus/ALU/CPU.v Line: 8
    Warning (12110): Net "w_alu_control[29]" is missing source, defaulting to GND File: D:/IntelQuartus/ALU/CPU.v Line: 8
    Warning (12110): Net "w_alu_control[28]" is missing source, defaulting to GND File: D:/IntelQuartus/ALU/CPU.v Line: 8
    Warning (12110): Net "w_alu_control[27]" is missing source, defaulting to GND File: D:/IntelQuartus/ALU/CPU.v Line: 8
    Warning (12110): Net "w_alu_control[26]" is missing source, defaulting to GND File: D:/IntelQuartus/ALU/CPU.v Line: 8
    Warning (12110): Net "w_alu_control[25]" is missing source, defaulting to GND File: D:/IntelQuartus/ALU/CPU.v Line: 8
    Warning (12110): Net "w_alu_control[24]" is missing source, defaulting to GND File: D:/IntelQuartus/ALU/CPU.v Line: 8
    Warning (12110): Net "w_alu_control[23]" is missing source, defaulting to GND File: D:/IntelQuartus/ALU/CPU.v Line: 8
    Warning (12110): Net "w_alu_control[22]" is missing source, defaulting to GND File: D:/IntelQuartus/ALU/CPU.v Line: 8
    Warning (12110): Net "w_alu_control[21]" is missing source, defaulting to GND File: D:/IntelQuartus/ALU/CPU.v Line: 8
    Warning (12110): Net "w_alu_control[20]" is missing source, defaulting to GND File: D:/IntelQuartus/ALU/CPU.v Line: 8
    Warning (12110): Net "w_alu_control[19]" is missing source, defaulting to GND File: D:/IntelQuartus/ALU/CPU.v Line: 8
    Warning (12110): Net "w_alu_control[18]" is missing source, defaulting to GND File: D:/IntelQuartus/ALU/CPU.v Line: 8
    Warning (12110): Net "w_alu_control[17]" is missing source, defaulting to GND File: D:/IntelQuartus/ALU/CPU.v Line: 8
    Warning (12110): Net "w_alu_control[16]" is missing source, defaulting to GND File: D:/IntelQuartus/ALU/CPU.v Line: 8
    Warning (12110): Net "w_alu_control[15]" is missing source, defaulting to GND File: D:/IntelQuartus/ALU/CPU.v Line: 8
    Warning (12110): Net "w_alu_control[14]" is missing source, defaulting to GND File: D:/IntelQuartus/ALU/CPU.v Line: 8
    Warning (12110): Net "w_alu_control[13]" is missing source, defaulting to GND File: D:/IntelQuartus/ALU/CPU.v Line: 8
    Warning (12110): Net "w_alu_control[12]" is missing source, defaulting to GND File: D:/IntelQuartus/ALU/CPU.v Line: 8
    Warning (12110): Net "w_alu_control[11]" is missing source, defaulting to GND File: D:/IntelQuartus/ALU/CPU.v Line: 8
    Warning (12110): Net "w_alu_control[10]" is missing source, defaulting to GND File: D:/IntelQuartus/ALU/CPU.v Line: 8
    Warning (12110): Net "w_alu_control[9]" is missing source, defaulting to GND File: D:/IntelQuartus/ALU/CPU.v Line: 8
    Warning (12110): Net "w_alu_control[8]" is missing source, defaulting to GND File: D:/IntelQuartus/ALU/CPU.v Line: 8
    Warning (12110): Net "w_alu_control[7]" is missing source, defaulting to GND File: D:/IntelQuartus/ALU/CPU.v Line: 8
    Warning (12110): Net "w_alu_control[6]" is missing source, defaulting to GND File: D:/IntelQuartus/ALU/CPU.v Line: 8
    Warning (12110): Net "w_alu_control[5]" is missing source, defaulting to GND File: D:/IntelQuartus/ALU/CPU.v Line: 8
    Warning (12110): Net "w_alu_control[4]" is missing source, defaulting to GND File: D:/IntelQuartus/ALU/CPU.v Line: 8
Warning (12011): Net is missing source, defaulting to GND
    Warning (12110): Net "w_alu_control[31]" is missing source, defaulting to GND File: D:/IntelQuartus/ALU/CPU.v Line: 8
    Warning (12110): Net "w_alu_control[30]" is missing source, defaulting to GND File: D:/IntelQuartus/ALU/CPU.v Line: 8
    Warning (12110): Net "w_alu_control[29]" is missing source, defaulting to GND File: D:/IntelQuartus/ALU/CPU.v Line: 8
    Warning (12110): Net "w_alu_control[28]" is missing source, defaulting to GND File: D:/IntelQuartus/ALU/CPU.v Line: 8
    Warning (12110): Net "w_alu_control[27]" is missing source, defaulting to GND File: D:/IntelQuartus/ALU/CPU.v Line: 8
    Warning (12110): Net "w_alu_control[26]" is missing source, defaulting to GND File: D:/IntelQuartus/ALU/CPU.v Line: 8
    Warning (12110): Net "w_alu_control[25]" is missing source, defaulting to GND File: D:/IntelQuartus/ALU/CPU.v Line: 8
    Warning (12110): Net "w_alu_control[24]" is missing source, defaulting to GND File: D:/IntelQuartus/ALU/CPU.v Line: 8
    Warning (12110): Net "w_alu_control[23]" is missing source, defaulting to GND File: D:/IntelQuartus/ALU/CPU.v Line: 8
    Warning (12110): Net "w_alu_control[22]" is missing source, defaulting to GND File: D:/IntelQuartus/ALU/CPU.v Line: 8
    Warning (12110): Net "w_alu_control[21]" is missing source, defaulting to GND File: D:/IntelQuartus/ALU/CPU.v Line: 8
    Warning (12110): Net "w_alu_control[20]" is missing source, defaulting to GND File: D:/IntelQuartus/ALU/CPU.v Line: 8
    Warning (12110): Net "w_alu_control[19]" is missing source, defaulting to GND File: D:/IntelQuartus/ALU/CPU.v Line: 8
    Warning (12110): Net "w_alu_control[18]" is missing source, defaulting to GND File: D:/IntelQuartus/ALU/CPU.v Line: 8
    Warning (12110): Net "w_alu_control[17]" is missing source, defaulting to GND File: D:/IntelQuartus/ALU/CPU.v Line: 8
    Warning (12110): Net "w_alu_control[16]" is missing source, defaulting to GND File: D:/IntelQuartus/ALU/CPU.v Line: 8
    Warning (12110): Net "w_alu_control[15]" is missing source, defaulting to GND File: D:/IntelQuartus/ALU/CPU.v Line: 8
    Warning (12110): Net "w_alu_control[14]" is missing source, defaulting to GND File: D:/IntelQuartus/ALU/CPU.v Line: 8
    Warning (12110): Net "w_alu_control[13]" is missing source, defaulting to GND File: D:/IntelQuartus/ALU/CPU.v Line: 8
    Warning (12110): Net "w_alu_control[12]" is missing source, defaulting to GND File: D:/IntelQuartus/ALU/CPU.v Line: 8
    Warning (12110): Net "w_alu_control[11]" is missing source, defaulting to GND File: D:/IntelQuartus/ALU/CPU.v Line: 8
    Warning (12110): Net "w_alu_control[10]" is missing source, defaulting to GND File: D:/IntelQuartus/ALU/CPU.v Line: 8
    Warning (12110): Net "w_alu_control[9]" is missing source, defaulting to GND File: D:/IntelQuartus/ALU/CPU.v Line: 8
    Warning (12110): Net "w_alu_control[8]" is missing source, defaulting to GND File: D:/IntelQuartus/ALU/CPU.v Line: 8
    Warning (12110): Net "w_alu_control[7]" is missing source, defaulting to GND File: D:/IntelQuartus/ALU/CPU.v Line: 8
    Warning (12110): Net "w_alu_control[6]" is missing source, defaulting to GND File: D:/IntelQuartus/ALU/CPU.v Line: 8
    Warning (12110): Net "w_alu_control[5]" is missing source, defaulting to GND File: D:/IntelQuartus/ALU/CPU.v Line: 8
    Warning (12110): Net "w_alu_control[4]" is missing source, defaulting to GND File: D:/IntelQuartus/ALU/CPU.v Line: 8
Warning (12011): Net is missing source, defaulting to GND
    Warning (12110): Net "w_alu_control[31]" is missing source, defaulting to GND File: D:/IntelQuartus/ALU/CPU.v Line: 8
    Warning (12110): Net "w_alu_control[30]" is missing source, defaulting to GND File: D:/IntelQuartus/ALU/CPU.v Line: 8
    Warning (12110): Net "w_alu_control[29]" is missing source, defaulting to GND File: D:/IntelQuartus/ALU/CPU.v Line: 8
    Warning (12110): Net "w_alu_control[28]" is missing source, defaulting to GND File: D:/IntelQuartus/ALU/CPU.v Line: 8
    Warning (12110): Net "w_alu_control[27]" is missing source, defaulting to GND File: D:/IntelQuartus/ALU/CPU.v Line: 8
    Warning (12110): Net "w_alu_control[26]" is missing source, defaulting to GND File: D:/IntelQuartus/ALU/CPU.v Line: 8
    Warning (12110): Net "w_alu_control[25]" is missing source, defaulting to GND File: D:/IntelQuartus/ALU/CPU.v Line: 8
    Warning (12110): Net "w_alu_control[24]" is missing source, defaulting to GND File: D:/IntelQuartus/ALU/CPU.v Line: 8
    Warning (12110): Net "w_alu_control[23]" is missing source, defaulting to GND File: D:/IntelQuartus/ALU/CPU.v Line: 8
    Warning (12110): Net "w_alu_control[22]" is missing source, defaulting to GND File: D:/IntelQuartus/ALU/CPU.v Line: 8
    Warning (12110): Net "w_alu_control[21]" is missing source, defaulting to GND File: D:/IntelQuartus/ALU/CPU.v Line: 8
    Warning (12110): Net "w_alu_control[20]" is missing source, defaulting to GND File: D:/IntelQuartus/ALU/CPU.v Line: 8
    Warning (12110): Net "w_alu_control[19]" is missing source, defaulting to GND File: D:/IntelQuartus/ALU/CPU.v Line: 8
    Warning (12110): Net "w_alu_control[18]" is missing source, defaulting to GND File: D:/IntelQuartus/ALU/CPU.v Line: 8
    Warning (12110): Net "w_alu_control[17]" is missing source, defaulting to GND File: D:/IntelQuartus/ALU/CPU.v Line: 8
    Warning (12110): Net "w_alu_control[16]" is missing source, defaulting to GND File: D:/IntelQuartus/ALU/CPU.v Line: 8
    Warning (12110): Net "w_alu_control[15]" is missing source, defaulting to GND File: D:/IntelQuartus/ALU/CPU.v Line: 8
    Warning (12110): Net "w_alu_control[14]" is missing source, defaulting to GND File: D:/IntelQuartus/ALU/CPU.v Line: 8
    Warning (12110): Net "w_alu_control[13]" is missing source, defaulting to GND File: D:/IntelQuartus/ALU/CPU.v Line: 8
    Warning (12110): Net "w_alu_control[12]" is missing source, defaulting to GND File: D:/IntelQuartus/ALU/CPU.v Line: 8
    Warning (12110): Net "w_alu_control[11]" is missing source, defaulting to GND File: D:/IntelQuartus/ALU/CPU.v Line: 8
    Warning (12110): Net "w_alu_control[10]" is missing source, defaulting to GND File: D:/IntelQuartus/ALU/CPU.v Line: 8
    Warning (12110): Net "w_alu_control[9]" is missing source, defaulting to GND File: D:/IntelQuartus/ALU/CPU.v Line: 8
    Warning (12110): Net "w_alu_control[8]" is missing source, defaulting to GND File: D:/IntelQuartus/ALU/CPU.v Line: 8
    Warning (12110): Net "w_alu_control[7]" is missing source, defaulting to GND File: D:/IntelQuartus/ALU/CPU.v Line: 8
    Warning (12110): Net "w_alu_control[6]" is missing source, defaulting to GND File: D:/IntelQuartus/ALU/CPU.v Line: 8
    Warning (12110): Net "w_alu_control[5]" is missing source, defaulting to GND File: D:/IntelQuartus/ALU/CPU.v Line: 8
    Warning (12110): Net "w_alu_control[4]" is missing source, defaulting to GND File: D:/IntelQuartus/ALU/CPU.v Line: 8
Warning (12241): 3 hierarchies have connectivity warnings - see the Connectivity Checks report folder
Info (144001): Generated suppressed messages file D:/IntelQuartus/ALU/output_files/ALU.map.smsg
Info: Quartus Prime Analysis & Elaboration was successful. 0 errors, 174 warnings
    Info: Peak virtual memory: 4718 megabytes
    Info: Processing ended: Fri Jun 07 19:00:02 2024
    Info: Elapsed time: 00:00:09
    Info: Total CPU time (on all processors): 00:00:07


+--------------------------------------------+
; Analysis & Elaboration Suppressed Messages ;
+--------------------------------------------+
The suppressed messages can be found in D:/IntelQuartus/ALU/output_files/ALU.map.smsg.


